Amana V0.251228 -- Log Init...
Running on SDL3
Setup Screen: Resolution:1152 x 648, FullScreen: 0
Debug Mode: OpenGL Error Logging Enabled
FluxRender2D: Initialized successfully.
Vertical sync is enabled.
---------------------------------------
CPU Cores: 24 with 64bytes cache, 15881MiB RAM.
Display (1) resolution: 1920x1080, refresh rate: 165.00)
Renderer  : NVIDIA GeForce RTX 2060/PCIe/SSE2
Vendor    : NVIDIA Corporation
GLVersion : 3.3.0 NVIDIA 580.119.02
---------------------------------------
Enter MainMenu
Exit MainMenu
Enter EvoScene
Exit EvoScene
Enter MainMenu
Exit MainMenu
Enter EvoScene
Exit EvoScene
Enter MainMenu
Exit MainMenu
Enter EvoScene
Exit EvoScene
Enter MainMenu
Exit MainMenu
Enter EvoScene
Exit EvoScene
Enter MainMenu
Exit MainMenu
Enter EvoScene
Exit EvoScene
Enter MainMenu
Exit MainMenu
Enter EvoScene
Exit EvoScene
Enter MainMenu
Exit MainMenu
Enter EvoScene
Exit EvoScene
Enter MainMenu
Exit MainMenu
Enter EvoScene
Exit EvoScene
Enter MainMenu
Exit MainMenu
Enter EvoScene
Exit EvoScene
Enter MainMenu
Exit MainMenu
Enter EvoScene
Exit EvoScene
Enter MainMenu
Exit MainMenu
Enter EvoScene
Exit EvoScene
Enter MainMenu
Exit MainMenu
Enter EvoScene
Exit EvoScene
Enter MainMenu
Exit MainMenu
Enter EvoScene
Exit EvoScene
Enter MainMenu
Exit MainMenu
Enter EvoScene
Exit EvoScene
Enter MainMenu
Exit MainMenu
Enter EvoScene
Exit EvoScene
Enter MainMenu
Exit MainMenu
Enter EvoScene
Exit EvoScene
Enter MainMenu
Exit MainMenu
Enter EvoScene
Exit EvoScene
Enter MainMenu
Exit MainMenu
Enter EvoScene
Exit EvoScene
Enter MainMenu
Exit MainMenu
Enter EvoScene
Exit EvoScene
Enter MainMenu
Exit MainMenu
Enter EvoScene
Exit EvoScene
Enter MainMenu
FluxRender2D: Cleaning up GPU resources...
FluxRender2D: Shutdown complete.
